<?xml version="1.0" encoding="UTF-8"?>
<testng-results ignored="0" total="1" passed="1" failed="0" skipped="0">
  <reporter-output>
  </reporter-output>
  <suite started-at="2022-01-21T15:05:39 GMT-05:00" name="Default suite" finished-at="2022-01-21T15:05:54 GMT-05:00" duration-ms="15693">
    <groups>
    </groups>
    <test started-at="2022-01-21T15:05:39 GMT-05:00" name="Default test" finished-at="2022-01-21T15:05:54 GMT-05:00" duration-ms="15693">
      <class name="Testcases.case1">
        <test-method signature="case_1()[pri:0, instance:Testcases.case1@6a400542]" started-at="2022-01-21T15:05:39 GMT-05:00" name="case_1" finished-at="2022-01-21T15:05:54 GMT-05:00" duration-ms="15654" status="PASS">
          <reporter-output>
          </reporter-output>
        </test-method> <!-- case_1 -->
      </class> <!-- Testcases.case1 -->
    </test> <!-- Default test -->
  </suite> <!-- Default suite -->
</testng-results>
